<?xml version="1.0" encoding="UTF-8"?>
<testsuite xmlns:xsi="http://www.w3.org/2001/XMLSchema-instance" xsi:noNamespaceSchemaLocation="https://maven.apache.org/surefire/maven-surefire-plugin/xsd/surefire-test-report-3.0.xsd" version="3.0" name="com.jeroenreijn.demomicrometerprometheusgrafana.DemoMicrometerPrometheusGrafanaApplicationTests" time="1.748" tests="1" errors="0" skipped="0" failures="0">
  <properties>
[...]
</properties>
  <testcase name="contextLoads" classname="com.jeroenreijn.demomicrometerprometheusgrafana.DemoMicrometerPrometheusGrafanaApplicationTests" time="0.585">
    <system-out><![CDATA[16:21:43.991 [main] INFO org.springframework.test.context.support.AnnotationConfigContextLoaderUtils -- Could not detect default configuration classes for test class [com.jeroenreijn.demomicrometerprometheusgrafana.DemoMicrometerPrometheusGrafanaApplicationTests]: DemoMicrometerPrometheusGrafanaApplicationTests does not declare any static, non-private, non-final, nested classes annotated with @Configuration.
16:21:44.047 [main] INFO org.springframework.boot.test.context.SpringBootTestContextBootstrapper -- Found @SpringBootConfiguration com.jeroenreijn.demomicrometerprometheusgrafana.DemoMicrometerPrometheusGrafanaApplication for test class com.jeroenreijn.demomicrometerprometheusgrafana.DemoMicrometerPrometheusGrafanaApplicationTests

  .   ____          _            __ _ _
 /\\ / ___'_ __ _ _(_)_ __  __ _ \ \ \ \
( ( )\___ | '_ | '_| | '_ \/ _` | \ \ \ \
 \\/  ___)| |_)| | | | | || (_| |  ) ) ) )
  '  |____| .__|_| |_|_| |_\__, | / / / /
 =========|_|==============|___/=/_/_/_/
 :: Spring Boot ::                (v3.1.1)

2023-09-29T16:21:44.237+02:00  INFO 61446 --- [           main] rometerPrometheusGrafanaApplicationTests : Starting DemoMicrometerPrometheusGrafanaApplicationTests using Java 17.0.5 with PID 61446 (started by marwen in /Users/marwen/src/teach/oct23/kata-springboot-observability-E2E)
2023-09-29T16:21:44.238+02:00  INFO 61446 --- [           main] rometerPrometheusGrafanaApplicationTests : No active profile set, falling back to 1 default profile: "default"
2023-09-29T16:21:44.990+02:00  INFO 61446 --- [           main] o.s.b.a.e.web.EndpointLinksResolver      : Exposing 2 endpoint(s) beneath base path '/actuator'
2023-09-29T16:21:45.019+02:00  INFO 61446 --- [           main] rometerPrometheusGrafanaApplicationTests : Started DemoMicrometerPrometheusGrafanaApplicationTests in 0.901 seconds (process running for 1.428)
]]></system-out>
  </testcase>
</testsuite>